Detecting compiler hash for triplet x64-windows...
Compiler found: C:/Program Files/Microsoft Visual Studio/2022/Community/VC/Tools/MSVC/14.44.35207/bin/Hostx64/x64/cl.exe
The following packages are already installed:
    eigen3:x64-windows@5.0.1
    fmt:x64-windows@12.1.0
    gtest:x64-windows@1.17.0#2
    rapidcheck:x64-windows@2023-12-14
  * vcpkg-cmake:x64-windows@2024-04-23
  * vcpkg-cmake-config:x64-windows@2024-05-23
eigen3 provides CMake targets:

  # this is heuristically generated, and may not be correct
  find_package(Eigen3 CONFIG REQUIRED)
  target_link_libraries(main PRIVATE Eigen3::Eigen)

eigen3 provides pkg-config modules:

  # A C++ template library for linear algebra: vectors, matrices, and related algorithms
  eigen3

The package fmt provides CMake targets:

    find_package(fmt CONFIG REQUIRED)
    target_link_libraries(main PRIVATE fmt::fmt)

    # Or use the header-only version
    find_package(fmt CONFIG REQUIRED)
    target_link_libraries(main PRIVATE fmt::fmt-header-only)

The package gtest is compatible with built-in CMake targets:

    enable_testing()
    
    find_package(GTest CONFIG REQUIRED)
    target_link_libraries(main PRIVATE GTest::gtest GTest::gtest_main GTest::gmock GTest::gmock_main)
    
    add_test(AllTestsInMain main)

rapidcheck provides CMake targets:

  # this is heuristically generated, and may not be correct
  find_package(rapidcheck CONFIG REQUIRED)
  # note: 3 additional targets are not displayed.
  target_link_libraries(main PRIVATE rapidcheck rapidcheck_boost rapidcheck_catch rapidcheck_gmock)

rapidcheck provides pkg-config modules:

  # C++ framework for property based testing inspired by QuickCheck and other similar frameworks
  rapidcheck

  # boost headers for rapidcheck
  rapidcheck_boost

  # boost_test headers for rapidcheck
  rapidcheck_boost_test

  # catch headers for rapidcheck
  rapidcheck_catch

  # doctest headers for rapidcheck
  rapidcheck_doctest

  # gmock headers for rapidcheck
  rapidcheck_gtest

All requested installations completed successfully in: 501 us
